[23:33:04] [main/INFO]: Loading Minecraft 1.20.1 with Fabric Loader 0.16.3
[23:33:04] [main/INFO]: Loading 10 mods:
	- fabricloader 0.16.3
	   \-- mixinextras 0.4.1
	- java 17
	- minecraft 1.20.1
	- voicechat 1.20.1-2.5.26
	   |-- fabric-api-base 0.4.29+b04edc7a82
	   |-- fabric-command-api-v2 2.2.11+b3afc78b82
	   |-- fabric-key-binding-api-v1 1.0.36+fb8d95da82
	   |-- fabric-lifecycle-events-v1 2.2.20+b3afc78b82
	   |-- fabric-networking-api-v1 1.3.8+b3afc78b82
	   \-- fabric-resource-loader-v0 0.11.7+f7923f6d82
[23:33:04] [main/INFO]: SpongePowered MIXIN Subsystem Version=0.8.7 Source=file:/workspaces/UltraHardcore/servidor_minecraft/libraries/net/fabricmc/sponge-mixin/0.15.2+mixin.0.8.7/sponge-mixin-0.15.2+mixin.0.8.7.jar Service=Knot/Fabric Env=SERVER
[23:33:04] [main/INFO]: Compatibility level set to JAVA_16
[23:33:04] [main/INFO]: Compatibility level set to JAVA_17
[23:33:06] [main/INFO]: Initializing MixinExtras via com.llamalad7.mixinextras.service.MixinExtrasServiceImpl(version=0.4.1).
[23:33:15] [main/INFO]: [voicechat] Compatibility version 18
[23:33:15] [main/INFO]: [voicechat] Loading plugins
[23:33:15] [main/INFO]: [voicechat] Loaded 0 plugin(s)
[23:33:15] [main/INFO]: [voicechat] Initializing plugins
[23:33:15] [main/INFO]: [voicechat] Initialized 0 plugin(s)
[23:33:15] [main/INFO]: Environment: authHost='https://authserver.mojang.com', accountsHost='https://api.mojang.com', sessionHost='https://sessionserver.mojang.com', servicesHost='https://api.minecraftservices.com', name='PROD'
[23:33:18] [main/INFO]: Loaded 7 recipes
[23:33:19] [main/INFO]: Loaded 1271 advancements
[23:33:20] [Server thread/INFO]: Starting minecraft server version 1.20.1
[23:33:20] [Server thread/INFO]: Loading properties
[23:33:20] [Server thread/INFO]: Default game type: SURVIVAL
[23:33:20] [Server thread/INFO]: Generating keypair
[23:33:20] [Server thread/INFO]: Starting Minecraft server on *:25565
[23:33:20] [Server thread/INFO]: Using epoll channel type
[23:33:20] [Server thread/WARN]: **** SERVER IS RUNNING IN OFFLINE/INSECURE MODE!
[23:33:20] [Server thread/WARN]: The server will make no attempt to authenticate usernames. Beware.
[23:33:20] [Server thread/WARN]: While this makes the game possible to play without internet access, it also opens up the ability for hackers to connect with any username they choose.
[23:33:20] [Server thread/WARN]: To change this, set "online-mode" to "true" in the server.properties file.
[23:33:20] [Server thread/INFO]: Preparing level "world"
[23:33:33] [Server thread/INFO]: Preparing start region for dimension minecraft:overworld
[23:33:34] [Worker-Main-5/INFO]: Preparing spawn area: 0%
[23:33:34] [Worker-Main-5/INFO]: Preparing spawn area: 0%
[23:33:34] [Worker-Main-5/INFO]: Preparing spawn area: 0%
[23:33:35] [Worker-Main-5/INFO]: Preparing spawn area: 0%
[23:33:35] [Worker-Main-5/INFO]: Preparing spawn area: 0%
[23:33:36] [Worker-Main-5/INFO]: Preparing spawn area: 0%
[23:33:36] [Worker-Main-5/INFO]: Preparing spawn area: 0%
[23:33:36] [Worker-Main-5/INFO]: Preparing spawn area: 0%
[23:33:37] [Worker-Main-5/INFO]: Preparing spawn area: 0%
[23:33:37] [Worker-Main-5/INFO]: Preparing spawn area: 0%
[23:33:39] [Worker-Main-5/INFO]: Preparing spawn area: 0%
[23:33:39] [Worker-Main-5/INFO]: Preparing spawn area: 0%
[23:33:39] [Worker-Main-5/INFO]: Preparing spawn area: 0%
[23:33:39] [Worker-Main-5/INFO]: Preparing spawn area: 0%
[23:33:40] [Worker-Main-5/INFO]: Preparing spawn area: 0%
[23:33:40] [Worker-Main-5/INFO]: Preparing spawn area: 0%
[23:33:41] [Worker-Main-5/INFO]: Preparing spawn area: 0%
[23:33:41] [Worker-Main-5/INFO]: Preparing spawn area: 0%
[23:33:42] [Worker-Main-5/INFO]: Preparing spawn area: 0%
[23:33:42] [Worker-Main-5/INFO]: Preparing spawn area: 0%
[23:33:43] [Worker-Main-5/INFO]: Preparing spawn area: 0%
[23:33:43] [Worker-Main-5/INFO]: Preparing spawn area: 0%
[23:33:44] [Worker-Main-5/INFO]: Preparing spawn area: 0%
[23:33:44] [Worker-Main-5/INFO]: Preparing spawn area: 0%
[23:33:45] [Worker-Main-5/INFO]: Preparing spawn area: 0%
[23:33:45] [Worker-Main-5/INFO]: Preparing spawn area: 0%
[23:33:46] [Worker-Main-5/INFO]: Preparing spawn area: 0%
[23:33:46] [Worker-Main-5/INFO]: Preparing spawn area: 0%
[23:33:47] [Worker-Main-5/INFO]: Preparing spawn area: 0%
[23:33:47] [Worker-Main-5/INFO]: Preparing spawn area: 0%
[23:33:48] [Worker-Main-5/INFO]: Preparing spawn area: 0%
[23:33:48] [Worker-Main-5/INFO]: Preparing spawn area: 0%
[23:33:49] [Worker-Main-5/INFO]: Preparing spawn area: 0%
[23:33:49] [Worker-Main-5/INFO]: Preparing spawn area: 0%
[23:33:50] [Worker-Main-5/INFO]: Preparing spawn area: 0%
[23:33:50] [Worker-Main-5/INFO]: Preparing spawn area: 0%
[23:33:51] [Worker-Main-5/INFO]: Preparing spawn area: 0%
[23:33:51] [Worker-Main-5/INFO]: Preparing spawn area: 0%
[23:33:52] [Worker-Main-5/INFO]: Preparing spawn area: 0%
[23:33:52] [Worker-Main-5/INFO]: Preparing spawn area: 0%
[23:33:53] [Worker-Main-5/INFO]: Preparing spawn area: 0%
[23:33:53] [Worker-Main-5/INFO]: Preparing spawn area: 0%
[23:33:54] [Worker-Main-5/INFO]: Preparing spawn area: 0%
[23:33:54] [Worker-Main-5/INFO]: Preparing spawn area: 0%
[23:33:55] [Worker-Main-5/INFO]: Preparing spawn area: 0%
[23:33:55] [Worker-Main-5/INFO]: Preparing spawn area: 0%
[23:33:56] [Worker-Main-5/INFO]: Preparing spawn area: 0%
[23:33:56] [Worker-Main-5/INFO]: Preparing spawn area: 0%
[23:33:57] [Worker-Main-5/INFO]: Preparing spawn area: 0%
[23:33:57] [Worker-Main-5/INFO]: Preparing spawn area: 0%
[23:33:58] [Worker-Main-5/INFO]: Preparing spawn area: 0%
[23:33:58] [Worker-Main-5/INFO]: Preparing spawn area: 0%
[23:33:59] [Worker-Main-5/INFO]: Preparing spawn area: 0%
[23:33:59] [Worker-Main-5/INFO]: Preparing spawn area: 0%
[23:34:00] [Worker-Main-5/INFO]: Preparing spawn area: 0%
[23:34:00] [Worker-Main-5/INFO]: Preparing spawn area: 0%
[23:34:01] [Worker-Main-5/INFO]: Preparing spawn area: 0%
[23:34:01] [Worker-Main-5/INFO]: Preparing spawn area: 0%
[23:34:02] [Worker-Main-5/INFO]: Preparing spawn area: 0%
[23:34:02] [Worker-Main-5/INFO]: Preparing spawn area: 0%
[23:34:03] [Worker-Main-5/INFO]: Preparing spawn area: 0%
[23:34:03] [Worker-Main-5/INFO]: Preparing spawn area: 0%
[23:34:04] [Worker-Main-5/INFO]: Preparing spawn area: 0%
[23:34:04] [Worker-Main-5/INFO]: Preparing spawn area: 0%
[23:34:05] [Worker-Main-5/INFO]: Preparing spawn area: 0%
[23:34:05] [Worker-Main-5/INFO]: Preparing spawn area: 0%
[23:34:06] [Worker-Main-5/INFO]: Preparing spawn area: 0%
[23:34:06] [Worker-Main-5/INFO]: Preparing spawn area: 0%
[23:34:07] [Worker-Main-5/INFO]: Preparing spawn area: 0%
[23:34:07] [Worker-Main-5/INFO]: Preparing spawn area: 0%
[23:34:08] [Worker-Main-5/INFO]: Preparing spawn area: 0%
[23:34:08] [Worker-Main-5/INFO]: Preparing spawn area: 0%
[23:34:09] [Worker-Main-5/INFO]: Preparing spawn area: 0%
[23:34:09] [Worker-Main-5/INFO]: Preparing spawn area: 0%
[23:34:10] [Worker-Main-5/INFO]: Preparing spawn area: 0%
[23:34:10] [Worker-Main-5/INFO]: Preparing spawn area: 0%
[23:34:11] [Worker-Main-5/INFO]: Preparing spawn area: 0%
[23:34:11] [Worker-Main-5/INFO]: Preparing spawn area: 0%
[23:34:12] [Worker-Main-5/INFO]: Preparing spawn area: 0%
[23:34:12] [Worker-Main-5/INFO]: Preparing spawn area: 0%
[23:34:13] [Worker-Main-5/INFO]: Preparing spawn area: 0%
[23:34:13] [Worker-Main-5/INFO]: Preparing spawn area: 0%
[23:34:14] [Worker-Main-5/INFO]: Preparing spawn area: 0%
[23:34:14] [Worker-Main-5/INFO]: Preparing spawn area: 0%
[23:34:15] [Worker-Main-5/INFO]: Preparing spawn area: 0%
[23:34:15] [Worker-Main-5/INFO]: Preparing spawn area: 0%
[23:34:16] [Worker-Main-5/INFO]: Preparing spawn area: 0%
[23:34:16] [Worker-Main-5/INFO]: Preparing spawn area: 0%
[23:34:17] [Worker-Main-1/INFO]: Preparing spawn area: 4%
[23:34:17] [Worker-Main-1/INFO]: Preparing spawn area: 4%
[23:34:18] [Worker-Main-5/INFO]: Preparing spawn area: 4%
[23:34:18] [Worker-Main-1/INFO]: Preparing spawn area: 17%
[23:34:19] [Worker-Main-1/INFO]: Preparing spawn area: 17%
[23:34:20] [Worker-Main-5/INFO]: Preparing spawn area: 17%
[23:34:20] [Worker-Main-5/INFO]: Preparing spawn area: 89%
[23:34:24] [Server thread/INFO]: Time elapsed: 50800 ms
[23:34:24] [Server thread/INFO]: Done (63.772s)! For help, type "help"
[23:34:24] [Server thread/WARN]: [voicechat] Running in offline mode - Voice chat encryption is not secure!
[23:34:24] [VoiceChatServerThread/INFO]: [voicechat] Voice chat server started at port 24454
[23:34:29] [Server thread/INFO]: Stopping the server
[23:34:29] [Server thread/INFO]: Stopping server
[23:34:29] [Server thread/INFO]: Saving players
[23:34:29] [Server thread/INFO]: Saving worlds
[23:34:32] [Server thread/INFO]: Saving chunks for level 'ServerLevel[world]'/minecraft:overworld
[23:34:33] [Server thread/INFO]: Saving chunks for level 'ServerLevel[world]'/minecraft:the_end
[23:34:33] [Server thread/INFO]: Saving chunks for level 'ServerLevel[world]'/minecraft:the_nether
[23:34:33] [Server thread/INFO]: ThreadedAnvilChunkStorage (world): All chunks are saved
[23:34:33] [Server thread/INFO]: ThreadedAnvilChunkStorage (DIM1): All chunks are saved
[23:34:33] [Server thread/INFO]: ThreadedAnvilChunkStorage (DIM-1): All chunks are saved
[23:34:33] [Server thread/INFO]: ThreadedAnvilChunkStorage: All dimensions are saved
